[    1151ms] ReferenceError: google is not defined
    at https://www.sweetchurros.com/js/all.js:1064:36
    at init_map (https://www.sweetchurros.com/js/all.js:1079:7)
    at HTMLDocument.<anonymous> (https://www.sweetchurros.com/js/all.js:52:9)
    at j (https://www.sweetchurros.com/js/jquery-1.11.2.min.js:2:27295)
    at Object.fireWith [as resolveWith] (https://www.sweetchurros.com/js/jquery-1.11.2.min.js:2:28108)
    at m.ready (https://www.sweetchurros.com/js/jquery-1.11.2.min.js:2:29942)
    at HTMLDocument.J (https://www.sweetchurros.com/js/jquery-1.11.2.min.js:2:30308)
[    1327ms] [WARNING] Google Maps JavaScript API has been loaded directly without loading=async. This can result in suboptimal performance. For best-practice loading patterns please see https://goo.gle/js-api-loading @ https://maps.googleapis.com/maps/api/js?key=AIzaSyDjv3V-n911GoKS166h0f8qfMyJ3fOKifw&callback=initMap&language=en&region=US:332
[    1332ms] [WARNING] As of February 21st, 2024, google.maps.Marker is deprecated. Please use google.maps.marker.AdvancedMarkerElement instead. At this time, google.maps.Marker is not scheduled to be discontinued, but google.maps.marker.AdvancedMarkerElement is recommended over google.maps.Marker. While google.maps.Marker will continue to receive bug fixes for any major regressions, existing bugs in google.maps.Marker will not be addressed. At least 12 months notice will be given before support is discontinued. Please see https://developers.google.com/maps/deprecations for additional details and https://developers.google.com/maps/documentation/javascript/advanced-markers/migration for the migration guide. @ https://maps.googleapis.com/maps/api/js?key=AIzaSyDjv3V-n911GoKS166h0f8qfMyJ3fOKifw&callback=initMap&language=en&region=US:431
[  115296ms] [ERROR] Unable to preventDefault inside passive event listener due to target being treated as passive. See https://www.chromestatus.com/feature/6662647093133312 @ https://www.sweetchurros.com/js/SmoothScroll.js:294
[  115310ms] [ERROR] Unable to preventDefault inside passive event listener due to target being treated as passive. See https://www.chromestatus.com/feature/6662647093133312 @ https://www.sweetchurros.com/js/SmoothScroll.js:294
[  115335ms] [ERROR] Unable to preventDefault inside passive event listener due to target being treated as passive. See https://www.chromestatus.com/feature/6662647093133312 @ https://www.sweetchurros.com/js/SmoothScroll.js:294
[  115368ms] [ERROR] Unable to preventDefault inside passive event listener due to target being treated as passive. See https://www.chromestatus.com/feature/6662647093133312 @ https://www.sweetchurros.com/js/SmoothScroll.js:294
[  115410ms] [ERROR] Unable to preventDefault inside passive event listener due to target being treated as passive. See https://www.chromestatus.com/feature/6662647093133312 @ https://www.sweetchurros.com/js/SmoothScroll.js:294
[  118195ms] [ERROR] Unable to preventDefault inside passive event listener due to target being treated as passive. See https://www.chromestatus.com/feature/6662647093133312 @ https://www.sweetchurros.com/js/SmoothScroll.js:294
[  118219ms] [ERROR] Unable to preventDefault inside passive event listener due to target being treated as passive. See https://www.chromestatus.com/feature/6662647093133312 @ https://www.sweetchurros.com/js/SmoothScroll.js:294
[  118243ms] [ERROR] Unable to preventDefault inside passive event listener due to target being treated as passive. See https://www.chromestatus.com/feature/6662647093133312 @ https://www.sweetchurros.com/js/SmoothScroll.js:294
[  118260ms] [ERROR] Unable to preventDefault inside passive event listener due to target being treated as passive. See https://www.chromestatus.com/feature/6662647093133312 @ https://www.sweetchurros.com/js/SmoothScroll.js:294
[  118293ms] [ERROR] Unable to preventDefault inside passive event listener due to target being treated as passive. See https://www.chromestatus.com/feature/6662647093133312 @ https://www.sweetchurros.com/js/SmoothScroll.js:294
[  118351ms] [ERROR] Unable to preventDefault inside passive event listener due to target being treated as passive. See https://www.chromestatus.com/feature/6662647093133312 @ https://www.sweetchurros.com/js/SmoothScroll.js:294
[  118670ms] [ERROR] Unable to preventDefault inside passive event listener due to target being treated as passive. See https://www.chromestatus.com/feature/6662647093133312 @ https://www.sweetchurros.com/js/SmoothScroll.js:294
[  118695ms] [ERROR] Unable to preventDefault inside passive event listener due to target being treated as passive. See https://www.chromestatus.com/feature/6662647093133312 @ https://www.sweetchurros.com/js/SmoothScroll.js:294
[  118719ms] [ERROR] Unable to preventDefault inside passive event listener due to target being treated as passive. See https://www.chromestatus.com/feature/6662647093133312 @ https://www.sweetchurros.com/js/SmoothScroll.js:294
[  118744ms] [ERROR] Unable to preventDefault inside passive event listener due to target being treated as passive. See https://www.chromestatus.com/feature/6662647093133312 @ https://www.sweetchurros.com/js/SmoothScroll.js:294
[  118769ms] [ERROR] Unable to preventDefault inside passive event listener due to target being treated as passive. See https://www.chromestatus.com/feature/6662647093133312 @ https://www.sweetchurros.com/js/SmoothScroll.js:294
[  118810ms] [ERROR] Unable to preventDefault inside passive event listener due to target being treated as passive. See https://www.chromestatus.com/feature/6662647093133312 @ https://www.sweetchurros.com/js/SmoothScroll.js:294
[  119029ms] [ERROR] Unable to preventDefault inside passive event listener due to target being treated as passive. See https://www.chromestatus.com/feature/6662647093133312 @ https://www.sweetchurros.com/js/SmoothScroll.js:294
[  119035ms] [ERROR] Unable to preventDefault inside passive event listener due to target being treated as passive. See https://www.chromestatus.com/feature/6662647093133312 @ https://www.sweetchurros.com/js/SmoothScroll.js:294
[  119052ms] [ERROR] Unable to preventDefault inside passive event listener due to target being treated as passive. See https://www.chromestatus.com/feature/6662647093133312 @ https://www.sweetchurros.com/js/SmoothScroll.js:294
[  119060ms] [ERROR] Unable to preventDefault inside passive event listener due to target being treated as passive. See https://www.chromestatus.com/feature/6662647093133312 @ https://www.sweetchurros.com/js/SmoothScroll.js:294
[  119075ms] [ERROR] Unable to preventDefault inside passive event listener due to target being treated as passive. See https://www.chromestatus.com/feature/6662647093133312 @ https://www.sweetchurros.com/js/SmoothScroll.js:294
[  119085ms] [ERROR] Unable to preventDefault inside passive event listener due to target being treated as passive. See https://www.chromestatus.com/feature/6662647093133312 @ https://www.sweetchurros.com/js/SmoothScroll.js:294
[  119109ms] [ERROR] Unable to preventDefault inside passive event listener due to target being treated as passive. See https://www.chromestatus.com/feature/6662647093133312 @ https://www.sweetchurros.com/js/SmoothScroll.js:294
[  119177ms] [ERROR] Unable to preventDefault inside passive event listener due to target being treated as passive. See https://www.chromestatus.com/feature/6662647093133312 @ https://www.sweetchurros.com/js/SmoothScroll.js:294
[  134462ms] [ERROR] Unable to preventDefault inside passive event listener due to target being treated as passive. See https://www.chromestatus.com/feature/6662647093133312 @ https://www.sweetchurros.com/js/SmoothScroll.js:294
[  134477ms] [ERROR] Unable to preventDefault inside passive event listener due to target being treated as passive. See https://www.chromestatus.com/feature/6662647093133312 @ https://www.sweetchurros.com/js/SmoothScroll.js:294
[  134493ms] [ERROR] Unable to preventDefault inside passive event listener due to target being treated as passive. See https://www.chromestatus.com/feature/6662647093133312 @ https://www.sweetchurros.com/js/SmoothScroll.js:294
[  134510ms] [ERROR] Unable to preventDefault inside passive event listener due to target being treated as passive. See https://www.chromestatus.com/feature/6662647093133312 @ https://www.sweetchurros.com/js/SmoothScroll.js:294
[  134535ms] [ERROR] Unable to preventDefault inside passive event listener due to target being treated as passive. See https://www.chromestatus.com/feature/6662647093133312 @ https://www.sweetchurros.com/js/SmoothScroll.js:294
[  134569ms] [ERROR] Unable to preventDefault inside passive event listener due to target being treated as passive. See https://www.chromestatus.com/feature/6662647093133312 @ https://www.sweetchurros.com/js/SmoothScroll.js:294
[  145779ms] [ERROR] Unable to preventDefault inside passive event listener due to target being treated as passive. See https://www.chromestatus.com/feature/6662647093133312 @ https://www.sweetchurros.com/js/SmoothScroll.js:294
[  145785ms] [ERROR] Unable to preventDefault inside passive event listener due to target being treated as passive. See https://www.chromestatus.com/feature/6662647093133312 @ https://www.sweetchurros.com/js/SmoothScroll.js:294
[  145802ms] [ERROR] Unable to preventDefault inside passive event listener due to target being treated as passive. See https://www.chromestatus.com/feature/6662647093133312 @ https://www.sweetchurros.com/js/SmoothScroll.js:294
[  145819ms] [ERROR] Unable to preventDefault inside passive event listener due to target being treated as passive. See https://www.chromestatus.com/feature/6662647093133312 @ https://www.sweetchurros.com/js/SmoothScroll.js:294
[  145827ms] [ERROR] Unable to preventDefault inside passive event listener due to target being treated as passive. See https://www.chromestatus.com/feature/6662647093133312 @ https://www.sweetchurros.com/js/SmoothScroll.js:294
[  145843ms] [ERROR] Unable to preventDefault inside passive event listener due to target being treated as passive. See https://www.chromestatus.com/feature/6662647093133312 @ https://www.sweetchurros.com/js/SmoothScroll.js:294
[  145853ms] [ERROR] Unable to preventDefault inside passive event listener due to target being treated as passive. See https://www.chromestatus.com/feature/6662647093133312 @ https://www.sweetchurros.com/js/SmoothScroll.js:294
[  145885ms] [ERROR] Unable to preventDefault inside passive event listener due to target being treated as passive. See https://www.chromestatus.com/feature/6662647093133312 @ https://www.sweetchurros.com/js/SmoothScroll.js:294
[  145968ms] [ERROR] Unable to preventDefault inside passive event listener due to target being treated as passive. See https://www.chromestatus.com/feature/6662647093133312 @ https://www.sweetchurros.com/js/SmoothScroll.js:294
[  146160ms] [ERROR] Unable to preventDefault inside passive event listener due to target being treated as passive. See https://www.chromestatus.com/feature/6662647093133312 @ https://www.sweetchurros.com/js/SmoothScroll.js:294
[  146178ms] [ERROR] Unable to preventDefault inside passive event listener due to target being treated as passive. See https://www.chromestatus.com/feature/6662647093133312 @ https://www.sweetchurros.com/js/SmoothScroll.js:294
[  146202ms] [ERROR] Unable to preventDefault inside passive event listener due to target being treated as passive. See https://www.chromestatus.com/feature/6662647093133312 @ https://www.sweetchurros.com/js/SmoothScroll.js:294
[  146210ms] [ERROR] Unable to preventDefault inside passive event listener due to target being treated as passive. See https://www.chromestatus.com/feature/6662647093133312 @ https://www.sweetchurros.com/js/SmoothScroll.js:294
[  146227ms] [ERROR] Unable to preventDefault inside passive event listener due to target being treated as passive. See https://www.chromestatus.com/feature/6662647093133312 @ https://www.sweetchurros.com/js/SmoothScroll.js:294
[  146243ms] [ERROR] Unable to preventDefault inside passive event listener due to target being treated as passive. See https://www.chromestatus.com/feature/6662647093133312 @ https://www.sweetchurros.com/js/SmoothScroll.js:294
[  146260ms] [ERROR] Unable to preventDefault inside passive event listener due to target being treated as passive. See https://www.chromestatus.com/feature/6662647093133312 @ https://www.sweetchurros.com/js/SmoothScroll.js:294
[  146277ms] [ERROR] Unable to preventDefault inside passive event listener due to target being treated as passive. See https://www.chromestatus.com/feature/6662647093133312 @ https://www.sweetchurros.com/js/SmoothScroll.js:294
[  146568ms] [ERROR] Unable to preventDefault inside passive event listener due to target being treated as passive. See https://www.chromestatus.com/feature/6662647093133312 @ https://www.sweetchurros.com/js/SmoothScroll.js:294
[  146568ms] [ERROR] Unable to preventDefault inside passive event listener due to target being treated as passive. See https://www.chromestatus.com/feature/6662647093133312 @ https://www.sweetchurros.com/js/SmoothScroll.js:294
[  146578ms] [ERROR] Unable to preventDefault inside passive event listener due to target being treated as passive. See https://www.chromestatus.com/feature/6662647093133312 @ https://www.sweetchurros.com/js/SmoothScroll.js:294
[  146593ms] [ERROR] Unable to preventDefault inside passive event listener due to target being treated as passive. See https://www.chromestatus.com/feature/6662647093133312 @ https://www.sweetchurros.com/js/SmoothScroll.js:294
[  146602ms] [ERROR] Unable to preventDefault inside passive event listener due to target being treated as passive. See https://www.chromestatus.com/feature/6662647093133312 @ https://www.sweetchurros.com/js/SmoothScroll.js:294
[  146618ms] [ERROR] Unable to preventDefault inside passive event listener due to target being treated as passive. See https://www.chromestatus.com/feature/6662647093133312 @ https://www.sweetchurros.com/js/SmoothScroll.js:294
[  146636ms] [ERROR] Unable to preventDefault inside passive event listener due to target being treated as passive. See https://www.chromestatus.com/feature/6662647093133312 @ https://www.sweetchurros.com/js/SmoothScroll.js:294
[  146677ms] [ERROR] Unable to preventDefault inside passive event listener due to target being treated as passive. See https://www.chromestatus.com/feature/6662647093133312 @ https://www.sweetchurros.com/js/SmoothScroll.js:294
